<?xml version="1.0" encoding="UTF-8"?>
<!-- Generated by org.testng.reporters.JUnitReportReporter -->
<testsuite skipped="0" hostname="master" name="VerifyLoginTestNG.VerifyLogin" tests="1" failures="0" timestamp="03 Jul 2018 04:31:14 GMT" time="4.529" errors="0">
  <testcase name="userLogin" time="4.529" classname="VerifyLoginTestNG.VerifyLogin"/>
</testsuite> <!-- VerifyLoginTestNG.VerifyLogin -->
