<?xml version="1.0" encoding="UTF-8"?>
<!-- Generated by org.testng.reporters.JUnitReportReporter -->
<testsuite skipped="0" hostname="master" name="VerifyLoginTestNG.VerifyLogin" tests="1" failures="0" timestamp="03 Jul 2018 01:23:10 GMT" time="5.128" errors="0">
  <testcase name="userLogin" time="5.128" classname="VerifyLoginTestNG.VerifyLogin"/>
</testsuite> <!-- VerifyLoginTestNG.VerifyLogin -->
